11:09 10:56:23.638 [main] [INFO] [com.bezkoder.spring.data.jpa.pagingsorting.SpringBootJpaPagingSortingApplication] - Starting SpringBootJpaPagingSortingApplication on vps-1930664-x with PID 222627 (/home/gustavo/juzgado2back/target/classes started by root in /home/gustavo/juzgado2back)
11:09 10:56:23.659 [main] [INFO] [com.bezkoder.spring.data.jpa.pagingsorting.SpringBootJpaPagingSortingApplication] - No active profile set, falling back to default profiles: default
11:09 10:56:28.629 [main] [INFO] [com.bezkoder.spring.data.jpa.pagingsorting.SpringBootJpaPagingSortingApplication] - Started SpringBootJpaPagingSortingApplication in 5.492 seconds (JVM running for 6.166)
11:09 10:57:47.256 [main] [INFO] [com.bezkoder.spring.data.jpa.pagingsorting.SpringBootJpaPagingSortingApplicationTests] - Starting SpringBootJpaPagingSortingApplicationTests on vps-1930664-x with PID 222737 (started by root in /home/gustavo/juzgado2back)
11:09 10:57:47.263 [main] [INFO] [com.bezkoder.spring.data.jpa.pagingsorting.SpringBootJpaPagingSortingApplicationTests] - No active profile set, falling back to default profiles: default
11:09 10:57:52.670 [main] [INFO] [com.bezkoder.spring.data.jpa.pagingsorting.SpringBootJpaPagingSortingApplicationTests] - Started SpringBootJpaPagingSortingApplicationTests in 5.701 seconds (JVM running for 6.986)
11:25 15:18:50.681 [main] [INFO] [com.bezkoder.spring.data.jpa.pagingsorting.SpringBootJpaPagingSortingApplication] - Starting SpringBootJpaPagingSortingApplication on vps-1930664-x with PID 394056 (/home/gustavo/juzgado2back/target/classes started by root in /home/gustavo/juzgado2back)
11:25 15:18:50.691 [main] [INFO] [com.bezkoder.spring.data.jpa.pagingsorting.SpringBootJpaPagingSortingApplication] - No active profile set, falling back to default profiles: default
11:25 15:19:01.236 [main] [INFO] [com.bezkoder.spring.data.jpa.pagingsorting.SpringBootJpaPagingSortingApplication] - Started SpringBootJpaPagingSortingApplication in 14.436 seconds (JVM running for 15.465)
11:25 15:22:21.347 [http-nio-9531-exec-7] [ERROR] [com.bezkoder.spring.data.jpa.pagingsorting.security.jwt.AuthTokenFilter] - Cannot set user authentication: {}
org.springframework.transaction.CannotCreateTransactionException: Could not open JPA EntityManager for transaction; nested exception is org.hibernate.TransactionException: JDBC begin transaction failed: 
	at org.springframework.orm.jpa.JpaTransactionManager.doBegin(JpaTransactionManager.java:448) ~[spring-orm-5.2.5.RELEASE.jar:5.2.5.RELEASE]
	at org.springframework.transaction.support.AbstractPlatformTransactionManager.startTransaction(AbstractPlatformTransactionManager.java:400) ~[spring-tx-5.2.5.RELEASE.jar:5.2.5.RELEASE]
	at org.springframework.transaction.support.AbstractPlatformTransactionManager.getTransaction(AbstractPlatformTransactionManager.java:373) ~[spring-tx-5.2.5.RELEASE.jar:5.2.5.RELEASE]
	at org.springframework.transaction.interceptor.TransactionAspectSupport.createTransactionIfNecessary(TransactionAspectSupport.java:572) ~[spring-tx-5.2.5.RELEASE.jar:5.2.5.RELEASE]
	at org.springframework.transaction.interceptor.TransactionAspectSupport.invokeWithinTransaction(TransactionAspectSupport.java:360) ~[spring-tx-5.2.5.RELEASE.jar:5.2.5.RELEASE]
	at org.springframework.transaction.interceptor.TransactionInterceptor.invoke(TransactionInterceptor.java:118) ~[spring-tx-5.2.5.RELEASE.jar:5.2.5.RELEASE]
	at org.springframework.aop.framework.ReflectiveMethodInvocation.proceed(ReflectiveMethodInvocation.java:186) ~[spring-aop-5.2.5.RELEASE.jar:5.2.5.RELEASE]
	at org.springframework.aop.framework.CglibAopProxy$CglibMethodInvocation.proceed(CglibAopProxy.java:749) ~[spring-aop-5.2.5.RELEASE.jar:5.2.5.RELEASE]
	at org.springframework.aop.framework.CglibAopProxy$DynamicAdvisedInterceptor.intercept(CglibAopProxy.java:691) ~[spring-aop-5.2.5.RELEASE.jar:5.2.5.RELEASE]
	at com.bezkoder.spring.data.jpa.pagingsorting.security.service.UserDetailsServiceImpl$$EnhancerBySpringCGLIB$$577e9570.loadUserByUsername(<generated>) ~[classes/:?]
	at com.bezkoder.spring.data.jpa.pagingsorting.security.jwt.AuthTokenFilter.doFilterInternal(AuthTokenFilter.java:41) [classes/:?]
	at org.springframework.web.filter.OncePerRequestFilter.doFilter(OncePerRequestFilter.java:119) [spring-web-5.2.5.RELEASE.jar:5.2.5.RELEASE]
	at org.springframework.security.web.FilterChainProxy$VirtualFilterChain.doFilter(FilterChainProxy.java:334) [spring-security-web-5.2.2.RELEASE.jar:5.2.2.RELEASE]
	at org.springframework.security.web.authentication.logout.LogoutFilter.doFilter(LogoutFilter.java:116) [spring-security-web-5.2.2.RELEASE.jar:5.2.2.RELEASE]
	at org.springframework.security.web.FilterChainProxy$VirtualFilterChain.doFilter(FilterChainProxy.java:334) [spring-security-web-5.2.2.RELEASE.jar:5.2.2.RELEASE]
	at org.springframework.web.filter.CorsFilter.doFilterInternal(CorsFilter.java:92) [spring-web-5.2.5.RELEASE.jar:5.2.5.RELEASE]
	at org.springframework.web.filter.OncePerRequestFilter.doFilter(OncePerRequestFilter.java:119) [spring-web-5.2.5.RELEASE.jar:5.2.5.RELEASE]
	at org.springframework.security.web.FilterChainProxy$VirtualFilterChain.doFilter(FilterChainProxy.java:334) [spring-security-web-5.2.2.RELEASE.jar:5.2.2.RELEASE]
	at org.springframework.security.web.header.HeaderWriterFilter.doHeadersAfter(HeaderWriterFilter.java:92) [spring-security-web-5.2.2.RELEASE.jar:5.2.2.RELEASE]
	at org.springframework.security.web.header.HeaderWriterFilter.doFilterInternal(HeaderWriterFilter.java:77) [spring-security-web-5.2.2.RELEASE.jar:5.2.2.RELEASE]
	at org.springframework.web.filter.OncePerRequestFilter.doFilter(OncePerRequestFilter.java:119) [spring-web-5.2.5.RELEASE.jar:5.2.5.RELEASE]
	at org.springframework.security.web.FilterChainProxy$VirtualFilterChain.doFilter(FilterChainProxy.java:334) [spring-security-web-5.2.2.RELEASE.jar:5.2.2.RELEASE]
	at org.springframework.security.web.context.SecurityContextPersistenceFilter.doFilter(SecurityContextPersistenceFilter.java:105) [spring-security-web-5.2.2.RELEASE.jar:5.2.2.RELEASE]
	at org.springframework.security.web.FilterChainProxy$VirtualFilterChain.doFilter(FilterChainProxy.java:334) [spring-security-web-5.2.2.RELEASE.jar:5.2.2.RELEASE]
	at org.springframework.security.web.context.request.async.WebAsyncManagerIntegrationFilter.doFilterInternal(WebAsyncManagerIntegrationFilter.java:56) [spring-security-web-5.2.2.RELEASE.jar:5.2.2.RELEASE]
	at org.springframework.web.filter.OncePerRequestFilter.doFilter(OncePerRequestFilter.java:119) [spring-web-5.2.5.RELEASE.jar:5.2.5.RELEASE]
	at org.springframework.security.web.FilterChainProxy$VirtualFilterChain.doFilter(FilterChainProxy.java:334) [spring-security-web-5.2.2.RELEASE.jar:5.2.2.RELEASE]
	at org.springframework.security.web.FilterChainProxy.doFilterInternal(FilterChainProxy.java:215) [spring-security-web-5.2.2.RELEASE.jar:5.2.2.RELEASE]
	at org.springframework.security.web.FilterChainProxy.doFilter(FilterChainProxy.java:178) [spring-security-web-5.2.2.RELEASE.jar:5.2.2.RELEASE]
	at org.springframework.web.filter.DelegatingFilterProxy.invokeDelegate(DelegatingFilterProxy.java:358) [spring-web-5.2.5.RELEASE.jar:5.2.5.RELEASE]
	at org.springframework.web.filter.DelegatingFilterProxy.doFilter(DelegatingFilterProxy.java:271) [spring-web-5.2.5.RELEASE.jar:5.2.5.RELEASE]
	at org.apache.catalina.core.ApplicationFilterChain.internalDoFilter(ApplicationFilterChain.java:193) [tomcat-embed-core-9.0.33.jar:9.0.33]
	at org.apache.catalina.core.ApplicationFilterChain.doFilter(ApplicationFilterChain.java:166) [tomcat-embed-core-9.0.33.jar:9.0.33]
	at org.springframework.web.filter.RequestContextFilter.doFilterInternal(RequestContextFilter.java:100) [spring-web-5.2.5.RELEASE.jar:5.2.5.RELEASE]
	at org.springframework.web.filter.OncePerRequestFilter.doFilter(OncePerRequestFilter.java:119) [spring-web-5.2.5.RELEASE.jar:5.2.5.RELEASE]
	at org.apache.catalina.core.ApplicationFilterChain.internalDoFilter(ApplicationFilterChain.java:193) [tomcat-embed-core-9.0.33.jar:9.0.33]
	at org.apache.catalina.core.ApplicationFilterChain.doFilter(ApplicationFilterChain.java:166) [tomcat-embed-core-9.0.33.jar:9.0.33]
	at org.springframework.web.filter.FormContentFilter.doFilterInternal(FormContentFilter.java:93) [spring-web-5.2.5.RELEASE.jar:5.2.5.RELEASE]
	at org.springframework.web.filter.OncePerRequestFilter.doFilter(OncePerRequestFilter.java:119) [spring-web-5.2.5.RELEASE.jar:5.2.5.RELEASE]
	at org.apache.catalina.core.ApplicationFilterChain.internalDoFilter(ApplicationFilterChain.java:193) [tomcat-embed-core-9.0.33.jar:9.0.33]
	at org.apache.catalina.core.ApplicationFilterChain.doFilter(ApplicationFilterChain.java:166) [tomcat-embed-core-9.0.33.jar:9.0.33]
	at org.springframework.web.filter.CharacterEncodingFilter.doFilterInternal(CharacterEncodingFilter.java:201) [spring-web-5.2.5.RELEASE.jar:5.2.5.RELEASE]
	at org.springframework.web.filter.OncePerRequestFilter.doFilter(OncePerRequestFilter.java:119) [spring-web-5.2.5.RELEASE.jar:5.2.5.RELEASE]
	at org.apache.catalina.core.ApplicationFilterChain.internalDoFilter(ApplicationFilterChain.java:193) [tomcat-embed-core-9.0.33.jar:9.0.33]
	at org.apache.catalina.core.ApplicationFilterChain.doFilter(ApplicationFilterChain.java:166) [tomcat-embed-core-9.0.33.jar:9.0.33]
	at org.apache.catalina.core.StandardWrapperValve.invoke(StandardWrapperValve.java:202) [tomcat-embed-core-9.0.33.jar:9.0.33]
	at org.apache.catalina.core.StandardContextValve.invoke(StandardContextValve.java:96) [tomcat-embed-core-9.0.33.jar:9.0.33]
	at org.apache.catalina.authenticator.AuthenticatorBase.invoke(AuthenticatorBase.java:541) [tomcat-embed-core-9.0.33.jar:9.0.33]
	at org.apache.catalina.core.StandardHostValve.invoke(StandardHostValve.java:139) [tomcat-embed-core-9.0.33.jar:9.0.33]
	at org.apache.catalina.valves.ErrorReportValve.invoke(ErrorReportValve.java:92) [tomcat-embed-core-9.0.33.jar:9.0.33]
	at org.apache.catalina.core.StandardEngineValve.invoke(StandardEngineValve.java:74) [tomcat-embed-core-9.0.33.jar:9.0.33]
	at org.apache.catalina.connector.CoyoteAdapter.service(CoyoteAdapter.java:343) [tomcat-embed-core-9.0.33.jar:9.0.33]
	at org.apache.coyote.http11.Http11Processor.service(Http11Processor.java:373) [tomcat-embed-core-9.0.33.jar:9.0.33]
	at org.apache.coyote.AbstractProcessorLight.process(AbstractProcessorLight.java:65) [tomcat-embed-core-9.0.33.jar:9.0.33]
	at org.apache.coyote.AbstractProtocol$ConnectionHandler.process(AbstractProtocol.java:868) [tomcat-embed-core-9.0.33.jar:9.0.33]
	at org.apache.tomcat.util.net.NioEndpoint$SocketProcessor.doRun(NioEndpoint.java:1594) [tomcat-embed-core-9.0.33.jar:9.0.33]
	at org.apache.tomcat.util.net.SocketProcessorBase.run(SocketProcessorBase.java:49) [tomcat-embed-core-9.0.33.jar:9.0.33]
	at java.util.concurrent.ThreadPoolExecutor.runWorker(ThreadPoolExecutor.java:1149) [?:1.8.0_282]
	at java.util.concurrent.ThreadPoolExecutor$Worker.run(ThreadPoolExecutor.java:624) [?:1.8.0_282]
	at org.apache.tomcat.util.threads.TaskThread$WrappingRunnable.run(TaskThread.java:61) [tomcat-embed-core-9.0.33.jar:9.0.33]
	at java.lang.Thread.run(Thread.java:748) [?:1.8.0_282]
Caused by: org.hibernate.TransactionException: JDBC begin transaction failed: 
	at org.hibernate.resource.jdbc.internal.AbstractLogicalConnectionImplementor.begin(AbstractLogicalConnectionImplementor.java:73) ~[hibernate-core-5.4.12.Final.jar:5.4.12.Final]
	at org.hibernate.resource.jdbc.internal.LogicalConnectionManagedImpl.begin(LogicalConnectionManagedImpl.java:259) ~[hibernate-core-5.4.12.Final.jar:5.4.12.Final]
	at org.hibernate.resource.transaction.backend.jdbc.internal.JdbcResourceLocalTransactionCoordinatorImpl$TransactionDriverControlImpl.begin(JdbcResourceLocalTransactionCoordinatorImpl.java:246) ~[hibernate-core-5.4.12.Final.jar:5.4.12.Final]
	at org.hibernate.engine.transaction.internal.TransactionImpl.begin(TransactionImpl.java:83) ~[hibernate-core-5.4.12.Final.jar:5.4.12.Final]
	at org.springframework.orm.jpa.vendor.HibernateJpaDialect.beginTransaction(HibernateJpaDialect.java:184) ~[spring-orm-5.2.5.RELEASE.jar:5.2.5.RELEASE]
	at org.springframework.orm.jpa.JpaTransactionManager.doBegin(JpaTransactionManager.java:402) ~[spring-orm-5.2.5.RELEASE.jar:5.2.5.RELEASE]
	... 60 more
Caused by: com.mysql.cj.jdbc.exceptions.CommunicationsException: Communications link failure

The last packet successfully received from the server was 15,428 milliseconds ago. The last packet sent successfully to the server was 15,428 milliseconds ago.
	at com.mysql.cj.jdbc.exceptions.SQLError.createCommunicationsException(SQLError.java:174) ~[mysql-connector-java-8.0.19.jar:8.0.19]
	at com.mysql.cj.jdbc.exceptions.SQLExceptionsMapping.translateException(SQLExceptionsMapping.java:64) ~[mysql-connector-java-8.0.19.jar:8.0.19]
	at com.mysql.cj.jdbc.ConnectionImpl.setAutoCommit(ConnectionImpl.java:2056) ~[mysql-connector-java-8.0.19.jar:8.0.19]
	at com.zaxxer.hikari.pool.ProxyConnection.setAutoCommit(ProxyConnection.java:393) ~[HikariCP-3.4.2.jar:?]
	at com.zaxxer.hikari.pool.HikariProxyConnection.setAutoCommit(HikariProxyConnection.java) ~[HikariCP-3.4.2.jar:?]
	at org.hibernate.resource.jdbc.internal.AbstractLogicalConnectionImplementor.begin(AbstractLogicalConnectionImplementor.java:67) ~[hibernate-core-5.4.12.Final.jar:5.4.12.Final]
	at org.hibernate.resource.jdbc.internal.LogicalConnectionManagedImpl.begin(LogicalConnectionManagedImpl.java:259) ~[hibernate-core-5.4.12.Final.jar:5.4.12.Final]
	at org.hibernate.resource.transaction.backend.jdbc.internal.JdbcResourceLocalTransactionCoordinatorImpl$TransactionDriverControlImpl.begin(JdbcResourceLocalTransactionCoordinatorImpl.java:246) ~[hibernate-core-5.4.12.Final.jar:5.4.12.Final]
	at org.hibernate.engine.transaction.internal.TransactionImpl.begin(TransactionImpl.java:83) ~[hibernate-core-5.4.12.Final.jar:5.4.12.Final]
	at org.springframework.orm.jpa.vendor.HibernateJpaDialect.beginTransaction(HibernateJpaDialect.java:184) ~[spring-orm-5.2.5.RELEASE.jar:5.2.5.RELEASE]
	at org.springframework.orm.jpa.JpaTransactionManager.doBegin(JpaTransactionManager.java:402) ~[spring-orm-5.2.5.RELEASE.jar:5.2.5.RELEASE]
	... 60 more
Caused by: com.mysql.cj.exceptions.CJCommunicationsException: Communications link failure

The last packet successfully received from the server was 15,428 milliseconds ago. The last packet sent successfully to the server was 15,428 milliseconds ago.
	at sun.reflect.NativeConstructorAccessorImpl.newInstance0(Native Method) ~[?:1.8.0_282]
	at sun.reflect.NativeConstructorAccessorImpl.newInstance(NativeConstructorAccessorImpl.java:62) ~[?:1.8.0_282]
	at sun.reflect.DelegatingConstructorAccessorImpl.newInstance(DelegatingConstructorAccessorImpl.java:45) ~[?:1.8.0_282]
	at java.lang.reflect.Constructor.newInstance(Constructor.java:423) ~[?:1.8.0_282]
	at com.mysql.cj.exceptions.ExceptionFactory.createException(ExceptionFactory.java:61) ~[mysql-connector-java-8.0.19.jar:8.0.19]
	at com.mysql.cj.exceptions.ExceptionFactory.createException(ExceptionFactory.java:105) ~[mysql-connector-java-8.0.19.jar:8.0.19]
	at com.mysql.cj.exceptions.ExceptionFactory.createException(ExceptionFactory.java:151) ~[mysql-connector-java-8.0.19.jar:8.0.19]
	at com.mysql.cj.exceptions.ExceptionFactory.createCommunicationsException(ExceptionFactory.java:167) ~[mysql-connector-java-8.0.19.jar:8.0.19]
	at com.mysql.cj.protocol.a.NativeProtocol.readMessage(NativeProtocol.java:539) ~[mysql-connector-java-8.0.19.jar:8.0.19]
	at com.mysql.cj.protocol.a.NativeProtocol.checkErrorMessage(NativeProtocol.java:703) ~[mysql-connector-java-8.0.19.jar:8.0.19]
	at com.mysql.cj.protocol.a.NativeProtocol.sendCommand(NativeProtocol.java:642) ~[mysql-connector-java-8.0.19.jar:8.0.19]
	at com.mysql.cj.protocol.a.NativeProtocol.sendQueryPacket(NativeProtocol.java:941) ~[mysql-connector-java-8.0.19.jar:8.0.19]
	at com.mysql.cj.protocol.a.NativeProtocol.sendQueryString(NativeProtocol.java:887) ~[mysql-connector-java-8.0.19.jar:8.0.19]
	at com.mysql.cj.NativeSession.execSQL(NativeSession.java:1073) ~[mysql-connector-java-8.0.19.jar:8.0.19]
	at com.mysql.cj.jdbc.ConnectionImpl.setAutoCommit(ConnectionImpl.java:2046) ~[mysql-connector-java-8.0.19.jar:8.0.19]
	at com.zaxxer.hikari.pool.ProxyConnection.setAutoCommit(ProxyConnection.java:393) ~[HikariCP-3.4.2.jar:?]
	at com.zaxxer.hikari.pool.HikariProxyConnection.setAutoCommit(HikariProxyConnection.java) ~[HikariCP-3.4.2.jar:?]
	at org.hibernate.resource.jdbc.internal.AbstractLogicalConnectionImplementor.begin(AbstractLogicalConnectionImplementor.java:67) ~[hibernate-core-5.4.12.Final.jar:5.4.12.Final]
	at org.hibernate.resource.jdbc.internal.LogicalConnectionManagedImpl.begin(LogicalConnectionManagedImpl.java:259) ~[hibernate-core-5.4.12.Final.jar:5.4.12.Final]
	at org.hibernate.resource.transaction.backend.jdbc.internal.JdbcResourceLocalTransactionCoordinatorImpl$TransactionDriverControlImpl.begin(JdbcResourceLocalTransactionCoordinatorImpl.java:246) ~[hibernate-core-5.4.12.Final.jar:5.4.12.Final]
	at org.hibernate.engine.transaction.internal.TransactionImpl.begin(TransactionImpl.java:83) ~[hibernate-core-5.4.12.Final.jar:5.4.12.Final]
	at org.springframework.orm.jpa.vendor.HibernateJpaDialect.beginTransaction(HibernateJpaDialect.java:184) ~[spring-orm-5.2.5.RELEASE.jar:5.2.5.RELEASE]
	at org.springframework.orm.jpa.JpaTransactionManager.doBegin(JpaTransactionManager.java:402) ~[spring-orm-5.2.5.RELEASE.jar:5.2.5.RELEASE]
	... 60 more
Caused by: java.io.EOFException: Can not read response from server. Expected to read 4 bytes, read 0 bytes before connection was unexpectedly lost.
	at com.mysql.cj.protocol.FullReadInputStream.readFully(FullReadInputStream.java:67) ~[mysql-connector-java-8.0.19.jar:8.0.19]
	at com.mysql.cj.protocol.a.SimplePacketReader.readHeader(SimplePacketReader.java:63) ~[mysql-connector-java-8.0.19.jar:8.0.19]
	at com.mysql.cj.protocol.a.SimplePacketReader.readHeader(SimplePacketReader.java:45) ~[mysql-connector-java-8.0.19.jar:8.0.19]
	at com.mysql.cj.protocol.a.TimeTrackingPacketReader.readHeader(TimeTrackingPacketReader.java:52) ~[mysql-connector-java-8.0.19.jar:8.0.19]
	at com.mysql.cj.protocol.a.TimeTrackingPacketReader.readHeader(TimeTrackingPacketReader.java:41) ~[mysql-connector-java-8.0.19.jar:8.0.19]
	at com.mysql.cj.protocol.a.MultiPacketReader.readHeader(MultiPacketReader.java:54) ~[mysql-connector-java-8.0.19.jar:8.0.19]
	at com.mysql.cj.protocol.a.MultiPacketReader.readHeader(MultiPacketReader.java:44) ~[mysql-connector-java-8.0.19.jar:8.0.19]
	at com.mysql.cj.protocol.a.NativeProtocol.readMessage(NativeProtocol.java:533) ~[mysql-connector-java-8.0.19.jar:8.0.19]
	at com.mysql.cj.protocol.a.NativeProtocol.checkErrorMessage(NativeProtocol.java:703) ~[mysql-connector-java-8.0.19.jar:8.0.19]
	at com.mysql.cj.protocol.a.NativeProtocol.sendCommand(NativeProtocol.java:642) ~[mysql-connector-java-8.0.19.jar:8.0.19]
	at com.mysql.cj.protocol.a.NativeProtocol.sendQueryPacket(NativeProtocol.java:941) ~[mysql-connector-java-8.0.19.jar:8.0.19]
	at com.mysql.cj.protocol.a.NativeProtocol.sendQueryString(NativeProtocol.java:887) ~[mysql-connector-java-8.0.19.jar:8.0.19]
	at com.mysql.cj.NativeSession.execSQL(NativeSession.java:1073) ~[mysql-connector-java-8.0.19.jar:8.0.19]
	at com.mysql.cj.jdbc.ConnectionImpl.setAutoCommit(ConnectionImpl.java:2046) ~[mysql-connector-java-8.0.19.jar:8.0.19]
	at com.zaxxer.hikari.pool.ProxyConnection.setAutoCommit(ProxyConnection.java:393) ~[HikariCP-3.4.2.jar:?]
	at com.zaxxer.hikari.pool.HikariProxyConnection.setAutoCommit(HikariProxyConnection.java) ~[HikariCP-3.4.2.jar:?]
	at org.hibernate.resource.jdbc.internal.AbstractLogicalConnectionImplementor.begin(AbstractLogicalConnectionImplementor.java:67) ~[hibernate-core-5.4.12.Final.jar:5.4.12.Final]
	at org.hibernate.resource.jdbc.internal.LogicalConnectionManagedImpl.begin(LogicalConnectionManagedImpl.java:259) ~[hibernate-core-5.4.12.Final.jar:5.4.12.Final]
	at org.hibernate.resource.transaction.backend.jdbc.internal.JdbcResourceLocalTransactionCoordinatorImpl$TransactionDriverControlImpl.begin(JdbcResourceLocalTransactionCoordinatorImpl.java:246) ~[hibernate-core-5.4.12.Final.jar:5.4.12.Final]
	at org.hibernate.engine.transaction.internal.TransactionImpl.begin(TransactionImpl.java:83) ~[hibernate-core-5.4.12.Final.jar:5.4.12.Final]
	at org.springframework.orm.jpa.vendor.HibernateJpaDialect.beginTransaction(HibernateJpaDialect.java:184) ~[spring-orm-5.2.5.RELEASE.jar:5.2.5.RELEASE]
	at org.springframework.orm.jpa.JpaTransactionManager.doBegin(JpaTransactionManager.java:402) ~[spring-orm-5.2.5.RELEASE.jar:5.2.5.RELEASE]
	... 60 more
11:25 15:22:21.387 [http-nio-9531-exec-7] [ERROR] [com.bezkoder.spring.data.jpa.pagingsorting.security.jwt.AuthEntryPointJwt] - Unauthorized error: Full authentication is required to access this resource
11:25 15:26:38.324 [main] [INFO] [com.bezkoder.spring.data.jpa.pagingsorting.SpringBootJpaPagingSortingApplicationTests] - Starting SpringBootJpaPagingSortingApplicationTests on vps-1930664-x with PID 394358 (started by root in /home/gustavo/juzgado2back)
11:25 15:26:38.330 [main] [INFO] [com.bezkoder.spring.data.jpa.pagingsorting.SpringBootJpaPagingSortingApplicationTests] - No active profile set, falling back to default profiles: default
11:25 15:26:44.580 [main] [INFO] [com.bezkoder.spring.data.jpa.pagingsorting.SpringBootJpaPagingSortingApplicationTests] - Started SpringBootJpaPagingSortingApplicationTests in 6.615 seconds (JVM running for 8.351)
11:26 14:03:31.387 [main] [INFO] [com.bezkoder.spring.data.jpa.pagingsorting.SpringBootJpaPagingSortingApplicationTests] - Starting SpringBootJpaPagingSortingApplicationTests on vps-1930664-x with PID 403991 (started by root in /home/gustavo/juzgado2back)
11:26 14:03:31.395 [main] [INFO] [com.bezkoder.spring.data.jpa.pagingsorting.SpringBootJpaPagingSortingApplicationTests] - No active profile set, falling back to default profiles: default
11:26 14:03:39.083 [main] [INFO] [com.bezkoder.spring.data.jpa.pagingsorting.SpringBootJpaPagingSortingApplicationTests] - Started SpringBootJpaPagingSortingApplicationTests in 8.133 seconds (JVM running for 10.043)
12:15 21:03:53.811 [main] [INFO] [com.bezkoder.spring.data.jpa.pagingsorting.SpringBootJpaPagingSortingApplication] - Starting SpringBootJpaPagingSortingApplication on vps-1930664-x with PID 599973 (/home/gustavo/juzgado2back/target/classes started by root in /home/gustavo/juzgado2back)
12:15 21:03:53.816 [main] [INFO] [com.bezkoder.spring.data.jpa.pagingsorting.SpringBootJpaPagingSortingApplication] - No active profile set, falling back to default profiles: default
12:15 21:04:01.135 [main] [INFO] [com.bezkoder.spring.data.jpa.pagingsorting.SpringBootJpaPagingSortingApplication] - Started SpringBootJpaPagingSortingApplication in 7.882 seconds (JVM running for 8.768)
12:15 21:10:47.813 [main] [INFO] [com.bezkoder.spring.data.jpa.pagingsorting.SpringBootJpaPagingSortingApplicationTests] - Starting SpringBootJpaPagingSortingApplicationTests on vps-1930664-x with PID 600162 (started by root in /home/gustavo/juzgado2back)
12:15 21:10:47.821 [main] [INFO] [com.bezkoder.spring.data.jpa.pagingsorting.SpringBootJpaPagingSortingApplicationTests] - No active profile set, falling back to default profiles: default
12:15 21:10:57.763 [main] [INFO] [com.bezkoder.spring.data.jpa.pagingsorting.SpringBootJpaPagingSortingApplicationTests] - Started SpringBootJpaPagingSortingApplicationTests in 10.339 seconds (JVM running for 13.349)
01:12 16:31:03.879 [main] [INFO] [com.bezkoder.spring.data.jpa.pagingsorting.SpringBootJpaPagingSortingApplicationTests] - Starting SpringBootJpaPagingSortingApplicationTests on vps-1930664-x with PID 252376 (started by root in /home/gustavo/juzgado2back)
01:12 16:31:03.886 [main] [INFO] [com.bezkoder.spring.data.jpa.pagingsorting.SpringBootJpaPagingSortingApplicationTests] - No active profile set, falling back to default profiles: default
01:12 16:31:19.016 [main] [INFO] [com.bezkoder.spring.data.jpa.pagingsorting.SpringBootJpaPagingSortingApplicationTests] - Started SpringBootJpaPagingSortingApplicationTests in 15.667 seconds (JVM running for 17.645)
02:14 11:09:58.784 [main] [INFO] [com.bezkoder.spring.data.jpa.pagingsorting.SpringBootJpaPagingSortingApplication] - Starting SpringBootJpaPagingSortingApplication on vps-1930664-x with PID 118241 (/home/gustavo/juzgado2back/target/classes started by root in /home/gustavo/juzgado2back)
02:14 11:09:58.796 [main] [INFO] [com.bezkoder.spring.data.jpa.pagingsorting.SpringBootJpaPagingSortingApplication] - No active profile set, falling back to default profiles: default
02:14 11:10:06.870 [main] [INFO] [com.bezkoder.spring.data.jpa.pagingsorting.SpringBootJpaPagingSortingApplication] - Started SpringBootJpaPagingSortingApplication in 8.871 seconds (JVM running for 9.836)
02:14 11:25:09.783 [main] [INFO] [com.bezkoder.spring.data.jpa.pagingsorting.SpringBootJpaPagingSortingApplication] - Starting SpringBootJpaPagingSortingApplication on vps-1930664-x with PID 118514 (/home/gustavo/juzgado2back/target/classes started by root in /home/gustavo/juzgado2back)
02:14 11:25:09.799 [main] [INFO] [com.bezkoder.spring.data.jpa.pagingsorting.SpringBootJpaPagingSortingApplication] - No active profile set, falling back to default profiles: default
02:14 11:25:12.922 [main] [INFO] [com.bezkoder.spring.data.jpa.pagingsorting.SpringBootJpaPagingSortingApplication] - Started SpringBootJpaPagingSortingApplication in 3.367 seconds (JVM running for 3.857)
02:14 11:27:13.720 [main] [INFO] [com.bezkoder.spring.data.jpa.pagingsorting.SpringBootJpaPagingSortingApplication] - Starting SpringBootJpaPagingSortingApplication on vps-1930664-x with PID 118621 (/home/gustavo/juzgado2back/target/classes started by root in /home/gustavo/juzgado2back)
02:14 11:27:13.726 [main] [INFO] [com.bezkoder.spring.data.jpa.pagingsorting.SpringBootJpaPagingSortingApplication] - No active profile set, falling back to default profiles: default
02:14 11:27:16.493 [main] [INFO] [com.bezkoder.spring.data.jpa.pagingsorting.SpringBootJpaPagingSortingApplication] - Started SpringBootJpaPagingSortingApplication in 2.945 seconds (JVM running for 3.367)
02:14 11:31:28.548 [main] [INFO] [com.bezkoder.spring.data.jpa.pagingsorting.SpringBootJpaPagingSortingApplicationTests] - Starting SpringBootJpaPagingSortingApplicationTests on vps-1930664-x with PID 118768 (started by root in /home/gustavo/juzgado2back)
02:14 11:31:28.552 [main] [INFO] [com.bezkoder.spring.data.jpa.pagingsorting.SpringBootJpaPagingSortingApplicationTests] - No active profile set, falling back to default profiles: default
02:14 11:31:32.907 [main] [INFO] [com.bezkoder.spring.data.jpa.pagingsorting.SpringBootJpaPagingSortingApplicationTests] - Started SpringBootJpaPagingSortingApplicationTests in 4.568 seconds (JVM running for 5.598)
02:14 12:08:14.895 [main] [INFO] [com.bezkoder.spring.data.jpa.pagingsorting.SpringBootJpaPagingSortingApplication] - Starting SpringBootJpaPagingSortingApplication on vps-1930664-x with PID 119508 (/home/gustavo/juzgado2back/target/classes started by root in /home/gustavo/juzgado2back)
02:14 12:08:14.903 [main] [INFO] [com.bezkoder.spring.data.jpa.pagingsorting.SpringBootJpaPagingSortingApplication] - No active profile set, falling back to default profiles: default
02:14 12:08:18.182 [main] [INFO] [com.bezkoder.spring.data.jpa.pagingsorting.SpringBootJpaPagingSortingApplication] - Started SpringBootJpaPagingSortingApplication in 3.509 seconds (JVM running for 3.96)
02:14 12:11:46.356 [main] [INFO] [com.bezkoder.spring.data.jpa.pagingsorting.SpringBootJpaPagingSortingApplicationTests] - Starting SpringBootJpaPagingSortingApplicationTests on vps-1930664-x with PID 119714 (started by root in /home/gustavo/juzgado2back)
02:14 12:11:46.360 [main] [INFO] [com.bezkoder.spring.data.jpa.pagingsorting.SpringBootJpaPagingSortingApplicationTests] - No active profile set, falling back to default profiles: default
02:14 12:11:50.867 [main] [INFO] [com.bezkoder.spring.data.jpa.pagingsorting.SpringBootJpaPagingSortingApplicationTests] - Started SpringBootJpaPagingSortingApplicationTests in 4.704 seconds (JVM running for 5.617)
03:17 08:29:19.408 [main] [INFO] [com.bezkoder.spring.data.jpa.pagingsorting.SpringBootJpaPagingSortingApplicationTests] - Starting SpringBootJpaPagingSortingApplicationTests on vps-1930664-x with PID 508001 (started by root in /home/gustavo/juzgado2back)
03:17 08:29:19.413 [main] [INFO] [com.bezkoder.spring.data.jpa.pagingsorting.SpringBootJpaPagingSortingApplicationTests] - No active profile set, falling back to default profiles: default
03:17 08:29:27.110 [main] [INFO] [com.bezkoder.spring.data.jpa.pagingsorting.SpringBootJpaPagingSortingApplicationTests] - Started SpringBootJpaPagingSortingApplicationTests in 8.143 seconds (JVM running for 11.585)
04:27 10:27:27.144 [main] [INFO] [com.bezkoder.spring.data.jpa.pagingsorting.SpringBootJpaPagingSortingApplication] - Starting SpringBootJpaPagingSortingApplication on vps-1930664-x with PID 1013688 (/home/gustavo/juzgado2back/target/classes started by root in /home/gustavo/juzgado2back)
04:27 10:27:27.153 [main] [INFO] [com.bezkoder.spring.data.jpa.pagingsorting.SpringBootJpaPagingSortingApplication] - No active profile set, falling back to default profiles: default
04:27 10:31:27.300 [main] [INFO] [com.bezkoder.spring.data.jpa.pagingsorting.SpringBootJpaPagingSortingApplication] - Starting SpringBootJpaPagingSortingApplication on vps-1930664-x with PID 1013768 (/home/gustavo/juzgado2back/target/classes started by root in /home/gustavo/juzgado2back)
04:27 10:31:27.306 [main] [INFO] [com.bezkoder.spring.data.jpa.pagingsorting.SpringBootJpaPagingSortingApplication] - No active profile set, falling back to default profiles: default
04:27 10:36:00.517 [main] [INFO] [com.bezkoder.spring.data.jpa.pagingsorting.SpringBootJpaPagingSortingApplication] - Starting SpringBootJpaPagingSortingApplication on vps-1930664-x with PID 1013972 (/home/gustavo/juzgado2back/target/classes started by root in /home/gustavo/juzgado2back)
04:27 10:36:00.523 [main] [INFO] [com.bezkoder.spring.data.jpa.pagingsorting.SpringBootJpaPagingSortingApplication] - No active profile set, falling back to default profiles: default
04:27 10:36:05.717 [main] [INFO] [com.bezkoder.spring.data.jpa.pagingsorting.SpringBootJpaPagingSortingApplication] - Started SpringBootJpaPagingSortingApplication in 5.39 seconds (JVM running for 5.84)
04:27 10:36:47.806 [main] [INFO] [com.bezkoder.spring.data.jpa.pagingsorting.SpringBootJpaPagingSortingApplicationTests] - Starting SpringBootJpaPagingSortingApplicationTests on vps-1930664-x with PID 1014109 (started by root in /home/gustavo/juzgado2back)
04:27 10:36:47.809 [main] [INFO] [com.bezkoder.spring.data.jpa.pagingsorting.SpringBootJpaPagingSortingApplicationTests] - No active profile set, falling back to default profiles: default
04:27 10:36:52.273 [main] [INFO] [com.bezkoder.spring.data.jpa.pagingsorting.SpringBootJpaPagingSortingApplicationTests] - Started SpringBootJpaPagingSortingApplicationTests in 4.649 seconds (JVM running for 5.681)
04:27 10:39:22.416 [main] [INFO] [com.bezkoder.spring.data.jpa.pagingsorting.SpringBootJpaPagingSortingApplication] - Starting SpringBootJpaPagingSortingApplication on vps-1930664-x with PID 1014308 (/home/gustavo/juzgado2back/target/classes started by root in /home/gustavo/juzgado2back)
04:27 10:39:22.423 [main] [INFO] [com.bezkoder.spring.data.jpa.pagingsorting.SpringBootJpaPagingSortingApplication] - No active profile set, falling back to default profiles: default
04:27 10:39:25.617 [main] [INFO] [com.bezkoder.spring.data.jpa.pagingsorting.SpringBootJpaPagingSortingApplication] - Started SpringBootJpaPagingSortingApplication in 3.375 seconds (JVM running for 3.804)
04:27 10:48:29.307 [main] [INFO] [com.bezkoder.spring.data.jpa.pagingsorting.SpringBootJpaPagingSortingApplication] - Starting SpringBootJpaPagingSortingApplication on vps-1930664-x with PID 1014545 (/home/gustavo/juzgado2back/target/classes started by root in /home/gustavo/juzgado2back)
04:27 10:48:29.313 [main] [INFO] [com.bezkoder.spring.data.jpa.pagingsorting.SpringBootJpaPagingSortingApplication] - No active profile set, falling back to default profiles: default
04:27 10:48:32.387 [main] [INFO] [com.bezkoder.spring.data.jpa.pagingsorting.SpringBootJpaPagingSortingApplication] - Started SpringBootJpaPagingSortingApplication in 3.261 seconds (JVM running for 3.653)
04:27 10:54:53.852 [main] [INFO] [com.bezkoder.spring.data.jpa.pagingsorting.SpringBootJpaPagingSortingApplication] - Starting SpringBootJpaPagingSortingApplication on vps-1930664-x with PID 1014691 (/home/gustavo/juzgado2back/target/classes started by root in /home/gustavo/juzgado2back)
04:27 10:54:53.858 [main] [INFO] [com.bezkoder.spring.data.jpa.pagingsorting.SpringBootJpaPagingSortingApplication] - No active profile set, falling back to default profiles: default
04:27 10:54:56.765 [main] [INFO] [com.bezkoder.spring.data.jpa.pagingsorting.SpringBootJpaPagingSortingApplication] - Started SpringBootJpaPagingSortingApplication in 3.086 seconds (JVM running for 3.502)
04:27 10:59:06.588 [main] [INFO] [com.bezkoder.spring.data.jpa.pagingsorting.SpringBootJpaPagingSortingApplication] - Starting SpringBootJpaPagingSortingApplication on vps-1930664-x with PID 1014815 (/home/gustavo/juzgado2back/target/classes started by root in /home/gustavo/juzgado2back)
04:27 10:59:06.595 [main] [INFO] [com.bezkoder.spring.data.jpa.pagingsorting.SpringBootJpaPagingSortingApplication] - No active profile set, falling back to default profiles: default
04:27 10:59:09.597 [main] [INFO] [com.bezkoder.spring.data.jpa.pagingsorting.SpringBootJpaPagingSortingApplication] - Started SpringBootJpaPagingSortingApplication in 3.196 seconds (JVM running for 3.712)
04:27 11:00:20.537 [main] [INFO] [com.bezkoder.spring.data.jpa.pagingsorting.SpringBootJpaPagingSortingApplicationTests] - Starting SpringBootJpaPagingSortingApplicationTests on vps-1930664-x with PID 1015069 (started by root in /home/gustavo/juzgado2back)
04:27 11:00:20.541 [main] [INFO] [com.bezkoder.spring.data.jpa.pagingsorting.SpringBootJpaPagingSortingApplicationTests] - No active profile set, falling back to default profiles: default
04:27 11:00:25.282 [main] [INFO] [com.bezkoder.spring.data.jpa.pagingsorting.SpringBootJpaPagingSortingApplicationTests] - Started SpringBootJpaPagingSortingApplicationTests in 4.955 seconds (JVM running for 6.127)
09:14 11:02:10.210 [main] [INFO] [com.bezkoder.spring.data.jpa.pagingsorting.SpringBootJpaPagingSortingApplication] - Starting SpringBootJpaPagingSortingApplication on vps-1930664-x with PID 1024638 (/home/gustavo/juzgado2back/target/classes started by root in /home/gustavo/juzgado2back)
09:14 11:02:10.219 [main] [INFO] [com.bezkoder.spring.data.jpa.pagingsorting.SpringBootJpaPagingSortingApplication] - No active profile set, falling back to default profiles: default
09:14 11:02:16.538 [main] [INFO] [com.bezkoder.spring.data.jpa.pagingsorting.SpringBootJpaPagingSortingApplication] - Started SpringBootJpaPagingSortingApplication in 6.837 seconds (JVM running for 10.055)
09:14 11:03:04.460 [main] [INFO] [com.bezkoder.spring.data.jpa.pagingsorting.SpringBootJpaPagingSortingApplicationTests] - Starting SpringBootJpaPagingSortingApplicationTests on vps-1930664-x with PID 1024751 (started by root in /home/gustavo/juzgado2back)
09:14 11:03:04.462 [main] [INFO] [com.bezkoder.spring.data.jpa.pagingsorting.SpringBootJpaPagingSortingApplicationTests] - No active profile set, falling back to default profiles: default
09:14 11:03:09.018 [main] [INFO] [com.bezkoder.spring.data.jpa.pagingsorting.SpringBootJpaPagingSortingApplicationTests] - Started SpringBootJpaPagingSortingApplicationTests in 4.734 seconds (JVM running for 5.829)
09:14 11:11:56.142 [main] [INFO] [com.bezkoder.spring.data.jpa.pagingsorting.SpringBootJpaPagingSortingApplication] - Starting SpringBootJpaPagingSortingApplication on vps-1930664-x with PID 1025101 (/home/gustavo/juzgado2back/target/classes started by root in /home/gustavo/juzgado2back)
09:14 11:11:56.149 [main] [INFO] [com.bezkoder.spring.data.jpa.pagingsorting.SpringBootJpaPagingSortingApplication] - No active profile set, falling back to default profiles: default
09:14 11:11:59.195 [main] [INFO] [com.bezkoder.spring.data.jpa.pagingsorting.SpringBootJpaPagingSortingApplication] - Started SpringBootJpaPagingSortingApplication in 3.245 seconds (JVM running for 3.673)
09:14 11:12:34.544 [main] [INFO] [com.bezkoder.spring.data.jpa.pagingsorting.SpringBootJpaPagingSortingApplicationTests] - Starting SpringBootJpaPagingSortingApplicationTests on vps-1930664-x with PID 1025204 (started by root in /home/gustavo/juzgado2back)
09:14 11:12:34.547 [main] [INFO] [com.bezkoder.spring.data.jpa.pagingsorting.SpringBootJpaPagingSortingApplicationTests] - No active profile set, falling back to default profiles: default
09:14 11:12:40.411 [main] [INFO] [com.bezkoder.spring.data.jpa.pagingsorting.SpringBootJpaPagingSortingApplicationTests] - Started SpringBootJpaPagingSortingApplicationTests in 6.046 seconds (JVM running for 7.148)
09:14 11:20:37.896 [main] [INFO] [com.bezkoder.spring.data.jpa.pagingsorting.SpringBootJpaPagingSortingApplication] - Starting SpringBootJpaPagingSortingApplication on vps-1930664-x with PID 1025535 (/home/gustavo/juzgado2back/target/classes started by root in /home/gustavo/juzgado2back)
09:14 11:20:37.903 [main] [INFO] [com.bezkoder.spring.data.jpa.pagingsorting.SpringBootJpaPagingSortingApplication] - No active profile set, falling back to default profiles: default
09:14 11:20:41.134 [main] [INFO] [com.bezkoder.spring.data.jpa.pagingsorting.SpringBootJpaPagingSortingApplication] - Started SpringBootJpaPagingSortingApplication in 3.409 seconds (JVM running for 3.851)
09:14 11:25:00.338 [main] [INFO] [com.bezkoder.spring.data.jpa.pagingsorting.SpringBootJpaPagingSortingApplication] - Starting SpringBootJpaPagingSortingApplication on vps-1930664-x with PID 1025664 (/home/gustavo/juzgado2back/target/classes started by root in /home/gustavo/juzgado2back)
09:14 11:25:00.349 [main] [INFO] [com.bezkoder.spring.data.jpa.pagingsorting.SpringBootJpaPagingSortingApplication] - No active profile set, falling back to default profiles: default
09:14 11:25:03.377 [main] [INFO] [com.bezkoder.spring.data.jpa.pagingsorting.SpringBootJpaPagingSortingApplication] - Started SpringBootJpaPagingSortingApplication in 3.226 seconds (JVM running for 3.706)
09:14 11:25:30.578 [main] [INFO] [com.bezkoder.spring.data.jpa.pagingsorting.SpringBootJpaPagingSortingApplicationTests] - Starting SpringBootJpaPagingSortingApplicationTests on vps-1930664-x with PID 1025759 (started by root in /home/gustavo/juzgado2back)
09:14 11:25:30.581 [main] [INFO] [com.bezkoder.spring.data.jpa.pagingsorting.SpringBootJpaPagingSortingApplicationTests] - No active profile set, falling back to default profiles: default
09:14 11:25:35.196 [main] [INFO] [com.bezkoder.spring.data.jpa.pagingsorting.SpringBootJpaPagingSortingApplicationTests] - Started SpringBootJpaPagingSortingApplicationTests in 4.796 seconds (JVM running for 5.674)
